<?xml version="1.0" encoding="UTF-8" standalone="no"?>
<!DOCTYPE preferences SYSTEM "http://java.sun.com/dtd/preferences.dtd">
<preferences EXTERNAL_XML_VERSION="1.0">
  <root type="user">
    <map/>
    <node name="com">
      <map/>
      <node name="reuters">
        <map/>
        <node name="rfa">
          <map/>
          <node name="AddicticksNamespace">
            <map/>
            <node name="Connections">
              <map/>
              <node name="TREPProd">
                <map>
                  <entry key="connectionType" value="RSSL"/>
                  <entry key="serverList" value="trep1-ldn, trep2-ldn"/>
                </map>
              </node>
              <node name="TREPUAT">
                <map>
                  <entry key="connectionType" value="RSSL"/>
                  <entry key="serverList" value="trep1u-ldn, trep2u-ldn"/>
                </map>
              </node>
            </node>
            <node name="Sessions">
              <map/>
              <node name="StdConsumer">
                <map>
                  <entry key="connectionList" value="AddicticksNamespace::TREPProd"/>
                </map>
              </node>
            </node>
          </node>
          <node name="_Default">
            <map/>
            <node name="Connections">
              <map/>
            </node>
            <node name="Sessions">
              <map/>
              <node name="UATConsumer">
                <map>
                  <entry key="connectionList" value="AddicticksNamespace::TREPUAT"/>
                </map>
              </node>
            </node>
          </node>
          <node name="_System">
            <map/>
          </node>
        </node>
      </node>
    </node>
  </root>
</preferences>
